0 info it worked if it ends with ok
1 verbose cli [ 'node', '/usr/bin/npm', 'i', 'node-gyp', 'better-sqlite3' ]
2 info using npm@1.3.6
3 info using node@v0.10.48
4 warn package.json ShoeBot@1.0.0 No repository field.
5 verbose readDependencies using package.json deps
6 verbose cache add [ 'node-gyp@^3.8.0', null ]
7 verbose cache add name=undefined spec="node-gyp@^3.8.0" args=["node-gyp@^3.8.0",null]
8 verbose parsed url { protocol: null,
8 verbose parsed url   slashes: null,
8 verbose parsed url   auth: null,
8 verbose parsed url   host: null,
8 verbose parsed url   port: null,
8 verbose parsed url   hostname: null,
8 verbose parsed url   hash: null,
8 verbose parsed url   search: null,
8 verbose parsed url   query: null,
8 verbose parsed url   pathname: 'node-gyp@^3.8.0',
8 verbose parsed url   path: 'node-gyp@^3.8.0',
8 verbose parsed url   href: 'node-gyp@^3.8.0' }
9 verbose cache add name="node-gyp" spec="^3.8.0" args=["node-gyp","^3.8.0"]
10 verbose parsed url { protocol: null,
10 verbose parsed url   slashes: null,
10 verbose parsed url   auth: null,
10 verbose parsed url   host: null,
10 verbose parsed url   port: null,
10 verbose parsed url   hostname: null,
10 verbose parsed url   hash: null,
10 verbose parsed url   search: null,
10 verbose parsed url   query: null,
10 verbose parsed url   pathname: '^3.8.0',
10 verbose parsed url   path: '^3.8.0',
10 verbose parsed url   href: '^3.8.0' }
11 verbose addNamed [ 'node-gyp', '^3.8.0' ]
12 verbose addNamed [ null, '>=3.8.0-0 <4.0.0-0' ]
13 verbose cache add [ 'better-sqlite3@^5.4.0', null ]
14 verbose cache add name=undefined spec="better-sqlite3@^5.4.0" args=["better-sqlite3@^5.4.0",null]
15 verbose parsed url { protocol: null,
15 verbose parsed url   slashes: null,
15 verbose parsed url   auth: null,
15 verbose parsed url   host: null,
15 verbose parsed url   port: null,
15 verbose parsed url   hostname: null,
15 verbose parsed url   hash: null,
15 verbose parsed url   search: null,
15 verbose parsed url   query: null,
15 verbose parsed url   pathname: 'better-sqlite3@^5.4.0',
15 verbose parsed url   path: 'better-sqlite3@^5.4.0',
15 verbose parsed url   href: 'better-sqlite3@^5.4.0' }
16 verbose cache add name="better-sqlite3" spec="^5.4.0" args=["better-sqlite3","^5.4.0"]
17 verbose parsed url { protocol: null,
17 verbose parsed url   slashes: null,
17 verbose parsed url   auth: null,
17 verbose parsed url   host: null,
17 verbose parsed url   port: null,
17 verbose parsed url   hostname: null,
17 verbose parsed url   hash: null,
17 verbose parsed url   search: null,
17 verbose parsed url   query: null,
17 verbose parsed url   pathname: '^5.4.0',
17 verbose parsed url   path: '^5.4.0',
17 verbose parsed url   href: '^5.4.0' }
18 verbose addNamed [ 'better-sqlite3', '^5.4.0' ]
19 verbose addNamed [ null, '>=5.4.0-0 <6.0.0-0' ]
20 silly lockFile d0854256-node-gyp-3-8-0 node-gyp@^3.8.0
21 verbose lock node-gyp@^3.8.0 /root/.npm/d0854256-node-gyp-3-8-0.lock
22 silly lockFile 67861af6-better-sqlite3-5-4-0 better-sqlite3@^5.4.0
23 verbose lock better-sqlite3@^5.4.0 /root/.npm/67861af6-better-sqlite3-5-4-0.lock
24 silly addNameRange { name: 'node-gyp', range: '>=3.8.0-0 <4.0.0-0', hasData: false }
25 silly addNameRange { name: 'better-sqlite3',
25 silly addNameRange   range: '>=5.4.0-0 <6.0.0-0',
25 silly addNameRange   hasData: false }
26 verbose url raw node-gyp
27 verbose url resolving [ 'https://registry.npmjs.org/', './node-gyp' ]
28 verbose url resolved https://registry.npmjs.org/node-gyp
29 info trying registry request attempt 1 at 14:46:41
30 http GET https://registry.npmjs.org/node-gyp
31 verbose url raw better-sqlite3
32 verbose url resolving [ 'https://registry.npmjs.org/', './better-sqlite3' ]
33 verbose url resolved https://registry.npmjs.org/better-sqlite3
34 info trying registry request attempt 1 at 14:46:41
35 http GET https://registry.npmjs.org/better-sqlite3
36 info retry will retry, error on last attempt: Error: UNABLE_TO_GET_ISSUER_CERT_LOCALLY
37 info retry will retry, error on last attempt: Error: UNABLE_TO_GET_ISSUER_CERT_LOCALLY
38 info trying registry request attempt 2 at 14:46:51
39 http GET https://registry.npmjs.org/node-gyp
40 info trying registry request attempt 2 at 14:46:51
41 http GET https://registry.npmjs.org/better-sqlite3
42 info retry will retry, error on last attempt: Error: UNABLE_TO_GET_ISSUER_CERT_LOCALLY
43 info retry will retry, error on last attempt: Error: UNABLE_TO_GET_ISSUER_CERT_LOCALLY
44 info trying registry request attempt 3 at 14:47:51
45 http GET https://registry.npmjs.org/node-gyp
46 info trying registry request attempt 3 at 14:47:51
47 http GET https://registry.npmjs.org/better-sqlite3
48 silly lockFile 67861af6-better-sqlite3-5-4-0 better-sqlite3@^5.4.0
49 silly lockFile 67861af6-better-sqlite3-5-4-0 better-sqlite3@^5.4.0
50 error Error: UNABLE_TO_GET_ISSUER_CERT_LOCALLY
50 error     at SecurePair.<anonymous> (tls.js:1430:32)
50 error     at SecurePair.emit (events.js:92:17)
50 error     at SecurePair.maybeInitFinished (tls.js:1029:10)
50 error     at CleartextStream.read [as _read] (tls.js:521:13)
50 error     at CleartextStream.Readable.read (_stream_readable.js:341:10)
50 error     at EncryptedStream.write [as _write] (tls.js:418:25)
50 error     at doWrite (_stream_writable.js:226:10)
50 error     at writeOrBuffer (_stream_writable.js:216:5)
50 error     at EncryptedStream.Writable.write (_stream_writable.js:183:11)
50 error     at write (_stream_readable.js:602:24)
50 error     at flow (_stream_readable.js:611:7)
50 error     at Socket.pipeOnReadable (_stream_readable.js:643:5)
51 error If you need help, you may report this log at:
51 error     <http://github.com/isaacs/npm/issues>
51 error or email it to:
51 error     <npm-@googlegroups.com>
52 error System Linux 4.14.97-74.72.amzn1.x86_64
53 error command "node" "/usr/bin/npm" "i" "node-gyp" "better-sqlite3"
54 error cwd /home/ec2-user/environment
55 error node -v v0.10.48
56 error npm -v 1.3.6
57 verbose exit [ 1, true ]
